<?xml version="1.0" encoding="UTF-8" standalone="no"?>
<!DOCTYPE log SYSTEM "logger.dtd">
<log>
<record>
  <date>2021-06-15T06:55:24</date>
  <millis>1623720324908</millis>
  <sequence>0</sequence>
  <logger>com.vm.SeAutomationTests.WriteToLogFile</logger>
  <level>INFO</level>
  <class>com.vm.SeAutomationTests.WriteToLogFile</class>
  <method>main</method>
  <thread>1</thread>
  <message>Information message</message>
</record>
<record>
  <date>2021-06-15T06:55:24</date>
  <millis>1623720324934</millis>
  <sequence>1</sequence>
  <logger>com.vm.SeAutomationTests.WriteToLogFile</logger>
  <level>WARNING</level>
  <class>com.vm.SeAutomationTests.WriteToLogFile</class>
  <method>main</method>
  <thread>1</thread>
  <message>Warning message</message>
</record>
</log>
